<?xml version="1.0" encoding="UTF-8"?>
<testng-results skipped="0" failed="0" ignored="0" total="1" passed="1">
  <reporter-output>
  </reporter-output>
  <suite name="Default suite" duration-ms="211" started-at="2020-10-20T14:12:28Z" finished-at="2020-10-20T14:12:28Z">
    <groups>
    </groups>
    <test name="Default test" duration-ms="211" started-at="2020-10-20T14:12:28Z" finished-at="2020-10-20T14:12:28Z">
      <class name="calc.Calc">
        <test-method status="PASS" signature="subtract()[pri:0, instance:calc.Calc@6895a785]" name="subtract" duration-ms="67" started-at="2020-10-20T14:12:28Z" finished-at="2020-10-20T14:12:28Z">
          <reporter-output>
          </reporter-output>
        </test-method> <!-- subtract -->
      </class> <!-- calc.Calc -->
    </test> <!-- Default test -->
  </suite> <!-- Default suite -->
</testng-results>
